info it worked if it ends with ok
verbose cli [ 'node', '/usr/local/bin/npm', 'install', 'jake' ]
info using npm@1.0.22
info using node@v0.5.2
verbose config file /home/deadhorse/.npmrc
verbose config file /usr/local/etc/npmrc
silly testEngine { name: 'EventProxy.js',
silly testEngine   description: 'Bussiness event helper',
silly testEngine   homepage: 'https://github.com/shyvo1987/eventproxy.js',
silly testEngine   keywords: [ 'event', 'proxy' ],
silly testEngine   author: { name: 'Jackson Tian', email: 'shyvo1987@gmail.com' },
silly testEngine   contributors: [],
silly testEngine   dependencies: {},
silly testEngine   repository: 
silly testEngine    { type: 'git',
silly testEngine      url: 'git://github.com/shyvo1987/eventproxy.js.git' },
silly testEngine   main: 'eventproxy.js',
silly testEngine   version: '0.0.1',
silly testEngine   _npmJsonOpts: 
silly testEngine    { file: '/home/deadhorse/node_modules/EventProxy.js/package.json',
silly testEngine      wscript: false,
silly testEngine      contributors: false,
silly testEngine      serverjs: false },
silly testEngine   _id: 'EventProxy.js@0.0.1',
silly testEngine   devDependencies: {},
silly testEngine   engines: { node: '*' },
silly testEngine   _engineSupported: true,
silly testEngine   _npmVersion: '1.0.22',
silly testEngine   _nodeVersion: 'v0.5.2',
silly testEngine   _defaultsLoaded: true }
verbose caching /home/deadhorse/node_modules/EventProxy.js/package.json
verbose loadDefaults EventProxy.js@0.0.1
silly testEngine { name: 'gently',
silly testEngine   version: '0.9.1',
silly testEngine   directories: { lib: './lib/gently' },
silly testEngine   main: './lib/gently/index',
silly testEngine   dependencies: {},
silly testEngine   devDependencies: {},
silly testEngine   engines: { node: '*' },
silly testEngine   _npmJsonOpts: 
silly testEngine    { file: '/home/deadhorse/node_modules/gently/package.json',
silly testEngine      wscript: false,
silly testEngine      contributors: false,
silly testEngine      serverjs: false },
silly testEngine   _id: 'gently@0.9.1',
silly testEngine   _engineSupported: true,
silly testEngine   _npmVersion: '1.0.22',
silly testEngine   _nodeVersion: 'v0.5.2',
silly testEngine   _defaultsLoaded: true }
verbose caching /home/deadhorse/node_modules/gently/package.json
verbose loadDefaults gently@0.9.1
silly testEngine { name: 'mysql',
silly testEngine   version: '0.9.1',
silly testEngine   devDependencies: { gently: '>=0.8.0' },
silly testEngine   main: './lib/mysql',
silly testEngine   scripts: { test: 'make test' },
silly testEngine   _npmJsonOpts: 
silly testEngine    { file: '/home/deadhorse/node_modules/mysql/package.json',
silly testEngine      wscript: false,
silly testEngine      contributors: false,
silly testEngine      serverjs: false },
silly testEngine   _id: 'mysql@0.9.1',
silly testEngine   dependencies: {},
silly testEngine   engines: { node: '*' },
silly testEngine   _engineSupported: true,
silly testEngine   _npmVersion: '1.0.22',
silly testEngine   _nodeVersion: 'v0.5.2',
silly testEngine   _defaultsLoaded: true }
verbose caching /home/deadhorse/node_modules/mysql/package.json
verbose loadDefaults mysql@0.9.1
silly testEngine { name: 'connect-form',
silly testEngine   description: 'urlencoded / multipart form parsing middleware for Connect',
silly testEngine   version: '0.2.1',
silly testEngine   author: 
silly testEngine    { name: 'TJ Holowaychuk',
silly testEngine      email: 'tj@vision-media.ca' },
silly testEngine   dependencies: { formidable: '>= 0.9.3' },
silly testEngine   main: './index.js',
silly testEngine   engines: { node: '>= 0.1.98' },
silly testEngine   _npmJsonOpts: 
silly testEngine    { file: '/home/deadhorse/node_modules/connect-form/package.json',
silly testEngine      wscript: false,
silly testEngine      contributors: false,
silly testEngine      serverjs: false },
silly testEngine   _id: 'connect-form@0.2.1',
silly testEngine   devDependencies: {},
silly testEngine   _engineSupported: true,
silly testEngine   _npmVersion: '1.0.22',
silly testEngine   _nodeVersion: 'v0.5.2',
silly testEngine   _defaultsLoaded: true }
verbose caching /home/deadhorse/node_modules/connect-form/package.json
verbose loadDefaults connect-form@0.2.1
silly testEngine { name: 'formidable',
silly testEngine   version: '1.0.2',
silly testEngine   dependencies: {},
silly testEngine   devDependencies: { gently: '>=0.7.0' },
silly testEngine   directories: { lib: './lib' },
silly testEngine   main: './lib/index',
silly testEngine   engines: { node: '*' },
silly testEngine   _npmJsonOpts: 
silly testEngine    { file: '/home/deadhorse/node_modules/formidable/package.json',
silly testEngine      wscript: false,
silly testEngine      contributors: false,
silly testEngine      serverjs: false },
silly testEngine   _id: 'formidable@1.0.2',
silly testEngine   _engineSupported: true,
silly testEngine   _npmVersion: '1.0.22',
silly testEngine   _nodeVersion: 'v0.5.2',
silly testEngine   _defaultsLoaded: true }
verbose caching /home/deadhorse/node_modules/formidable/package.json
verbose loadDefaults formidable@1.0.2
silly testEngine { name: 'express',
silly testEngine   description: 'Sinatra inspired web development framework',
silly testEngine   version: '2.4.3',
silly testEngine   author: 
silly testEngine    { name: 'TJ Holowaychuk',
silly testEngine      email: 'tj@vision-media.ca' },
silly testEngine   contributors: 
silly testEngine    [ { name: 'TJ Holowaychuk',
silly testEngine        email: 'tj@vision-media.ca' },
silly testEngine      { name: 'Aaron Heckmann',
silly testEngine        email: 'aaron.heckmann+github@gmail.com' },
silly testEngine      { name: 'Ciaran Jessup', email: 'ciaranj@gmail.com' },
silly testEngine      { name: 'Guillermo Rauch', email: 'rauchg@gmail.com' } ],
silly testEngine   dependencies: 
silly testEngine    { connect: '>= 1.5.2 < 2.0.0',
silly testEngine      mime: '>= 0.0.1',
silly testEngine      qs: '>= 0.0.6' },
silly testEngine   devDependencies: 
silly testEngine    { 'connect-form': '0.2.1',
silly testEngine      ejs: '0.4.2',
silly testEngine      expresso: '0.7.2',
silly testEngine      hamljs: '0.5.1',
silly testEngine      jade: '0.11.0',
silly testEngine      stylus: '0.13.0',
silly testEngine      should: '0.2.1',
silly testEngine      'express-messages': '0.0.2',
silly testEngine      'node-markdown': '>= 0.0.1',
silly testEngine      'connect-redis': '>= 0.0.1' },
silly testEngine   keywords: [ 'framework', 'sinatra', 'web', 'rest', 'restful' ],
silly testEngine   repository: 
silly testEngine    { type: 'git',
silly testEngine      url: 'git://github.com/visionmedia/express.git' },
silly testEngine   main: 'index',
silly testEngine   bin: { express: './bin/express' },
silly testEngine   scripts: { test: 'make test', prepublish: 'npm prune' },
silly testEngine   engines: { node: '>= 0.4.1 < 0.5.0' },
silly testEngine   _npmJsonOpts: 
silly testEngine    { file: '/home/deadhorse/node_modules/express/package.json',
silly testEngine      wscript: false,
silly testEngine      contributors: false,
silly testEngine      serverjs: false },
silly testEngine   _id: 'express@2.4.3',
silly testEngine   _engineSupported: false,
silly testEngine   _npmVersion: '1.0.22',
silly testEngine   _nodeVersion: 'v0.5.2',
silly testEngine   _defaultsLoaded: true }
verbose caching /home/deadhorse/node_modules/express/package.json
verbose loadDefaults express@2.4.3
silly testEngine { name: 'mongoskin',
silly testEngine   description: 'The future layer above node-mongodb-native',
silly testEngine   version: '0.1.3',
silly testEngine   author: { name: 'Jason Green', email: 'guileen@gmail.com' },
silly testEngine   repository: 
silly testEngine    { type: 'git',
silly testEngine      url: 'git://github.com/guileen/node-mongoskin.git' },
silly testEngine   bugs: 
silly testEngine    { email: 'guileen@gmail.com',
silly testEngine      url: 'http://github.com/guileen/node-mongoskin/issues' },
silly testEngine   main: 'index',
silly testEngine   keywords: [ 'mongodb' ],
silly testEngine   engines: { node: '*' },
silly testEngine   dependencies: { mongodb: '*' },
silly testEngine   devDependencies: {},
silly testEngine   directories: { lib: 'lib/mongoskin' },
silly testEngine   _npmJsonOpts: 
silly testEngine    { file: '/home/deadhorse/node_modules/mongoskin/package.json',
silly testEngine      wscript: false,
silly testEngine      contributors: false,
silly testEngine      serverjs: false },
silly testEngine   _id: 'mongoskin@0.1.3',
silly testEngine   _engineSupported: true,
silly testEngine   _npmVersion: '1.0.22',
silly testEngine   _nodeVersion: 'v0.5.2',
silly testEngine   _defaultsLoaded: true }
verbose caching /home/deadhorse/node_modules/mongoskin/package.json
verbose loadDefaults mongoskin@0.1.3
silly testEngine { name: 'nodemailer',
silly testEngine   description: 'Easy to use module to send e-mails, supports unicode and SSL/TLS',
silly testEngine   version: '0.2.0',
silly testEngine   author: { name: 'Andris Reinman' },
silly testEngine   maintainers: [ { name: 'andris', email: 'andris@node.ee' } ],
silly testEngine   homepage: 'http://www.nodemailer.org',
silly testEngine   repository: 
silly testEngine    { type: 'git',
silly testEngine      url: 'git://github.com/andris9/nodemailer.git' },
silly testEngine   main: './lib/mail',
silly testEngine   licenses: 
silly testEngine    [ { type: 'MIT',
silly testEngine        url: 'http://github.com/andris9/nodemailer/blob/master/LICENSE' } ],
silly testEngine   dependencies: { 'mimelib-noiconv': '*' },
silly testEngine   engine: [ 'node >=0.3.0' ],
silly testEngine   keywords: [ 'e-mail', 'mime', 'email', 'sendmail' ],
silly testEngine   _npmJsonOpts: 
silly testEngine    { file: '/home/deadhorse/node_modules/nodemailer/package.json',
silly testEngine      wscript: false,
silly testEngine      contributors: false,
silly testEngine      serverjs: false },
silly testEngine   _id: 'nodemailer@0.2.0',
silly testEngine   devDependencies: {},
silly testEngine   engines: { node: '*' },
silly testEngine   _engineSupported: true,
silly testEngine   _npmVersion: '1.0.22',
silly testEngine   _nodeVersion: 'v0.5.2',
silly testEngine   _defaultsLoaded: true }
verbose caching /home/deadhorse/node_modules/nodemailer/package.json
verbose loadDefaults nodemailer@0.2.0
silly testEngine { name: 'ejs',
silly testEngine   description: 'Embedded JavaScript templates',
silly testEngine   version: '0.4.3',
silly testEngine   author: 
silly testEngine    { name: 'TJ Holowaychuk',
silly testEngine      email: 'tj@vision-media.ca' },
silly testEngine   keywords: [ 'template', 'engine', 'ejs' ],
silly testEngine   main: './lib/ejs.js',
silly testEngine   _npmJsonOpts: 
silly testEngine    { file: '/home/deadhorse/node_modules/ejs/package.json',
silly testEngine      wscript: false,
silly testEngine      contributors: false,
silly testEngine      serverjs: false },
silly testEngine   _id: 'ejs@0.4.3',
silly testEngine   dependencies: {},
silly testEngine   devDependencies: {},
silly testEngine   engines: { node: '*' },
silly testEngine   _engineSupported: true,
silly testEngine   _npmVersion: '1.0.22',
silly testEngine   _nodeVersion: 'v0.5.2',
silly testEngine   _defaultsLoaded: true }
verbose caching /home/deadhorse/node_modules/ejs/package.json
verbose loadDefaults ejs@0.4.3
verbose into /home/deadhorse [ 'jake' ]
verbose cache add [ 'jake', null ]
info addNamed [ 'jake', '' ]
verbose addNamed [ null, '' ]
verbose GET jake
verbose raw, before any munging jake
verbose url resolving [ 'https://registry.npmjs.org/', './jake' ]
verbose url resolved https://registry.npmjs.org/jake
verbose url parsed { protocol: 'https:',
verbose url parsed   slashes: true,
verbose url parsed   host: 'registry.npmjs.org',
verbose url parsed   hostname: 'registry.npmjs.org',
verbose url parsed   href: 'https://registry.npmjs.org/jake',
verbose url parsed   pathname: '/jake' }
verbose response https://registry.npmjs.org/jake
silly chunk <html><title>Request timeout</title><body><h1>Request timeout</h1></body></html>
verbose bad json <html><title>Request timeout</title><body><h1>Request timeout</h1></body></html>
ERR! registry error parsing json
silly get cb [ 408,
silly get cb   { 'content-type': 'text/html',
silly get cb     'content-length': '80' } ]
ERR! SyntaxError: Unexpected token <
ERR! <html><title>Request timeout</title><body><h1>Request timeout</h1></body></html>
ERR!     at Object.parse (native)
ERR!     at IncomingMessage.<anonymous> (/usr/local/lib/node_modules/npm/lib/utils/npm-registry-client/request.js:163:25)
ERR!     at IncomingMessage.emit (events.js:88:20)
ERR!     at HTTPParser.onMessageComplete (http.js:133:23)
ERR!     at CleartextStream.ondata (http.js:1221:22)
ERR!     at CleartextStream._push (tls.js:331:27)
ERR!     at SecurePair.cycle (tls.js:611:20)
ERR!     at EncryptedStream.write (tls.js:124:13)
ERR!     at Socket.ondata (stream.js:36:26)
ERR!     at Socket.emit (events.js:67:17)
ERR! Report this *entire* log at:
ERR!     <http://github.com/isaacs/npm/issues>
ERR! or email it to:
ERR!     <npm-@googlegroups.com>
ERR! 
ERR! System Linux 2.6.35-30-generic
ERR! command "node" "/usr/local/bin/npm" "install" "jake"
ERR! cwd /home/deadhorse/code/cnae-management-system
ERR! node -v v0.5.2
ERR! npm -v 1.0.22
verbose exit [ 1, true ]
